Arguments: 
  /home/ahmedn/.nvm/versions/node/v13.13.0/bin/node /usr/bin/yarn publish

PATH: 
  /home/ahmedn/.nvm/versions/node/v13.13.0/bin:/home/ahmedn/.local/bin:/usr/local/bin:/usr/local/sbin:/usr/bin:/usr/lib/jvm/default/bin:/usr/bin/site_perl:/usr/bin/vendor_perl:/usr/bin/core_perl:/var/lib/snapd/snap/bin:/home/ahmedn/Android/Sdk/emulator:/home/ahmedn/Android/Sdk/tools:/home/ahmedn/Android/Sdk/tools/bin:/home/ahmedn/Android/Sdk/platform-tools:/home/ahmedn/Android/Sdk/emulator:/home/ahmedn/Android/Sdk/tools:/home/ahmedn/Android/Sdk/tools/bin:/home/ahmedn/Android/Sdk/platform-tools

Yarn version: 
  1.22.4

Node version: 
  13.13.0

Platform: 
  linux x64

Trace: 
  Error: https://npm.pkg.github.com/-/user/org.couchdb.user:ahmednassar: Error authenticating user: Bad credentials
      at Request.params.callback [as _callback] (/usr/lib/node_modules/yarn/lib/cli.js:66987:18)
      at Request.self.callback (/usr/lib/node_modules/yarn/lib/cli.js:140748:22)
      at Request.emit (events.js:315:20)
      at Request.<anonymous> (/usr/lib/node_modules/yarn/lib/cli.js:141720:10)
      at Request.emit (events.js:315:20)
      at IncomingMessage.<anonymous> (/usr/lib/node_modules/yarn/lib/cli.js:141642:12)
      at Object.onceWrapper (events.js:421:28)
      at IncomingMessage.emit (events.js:327:22)
      at endReadableNT (_stream_readable.js:1201:12)
      at processTicksAndRejections (internal/process/task_queues.js:84:21)

npm manifest: 
  {
    "name": "rc-isomorphic-state",
    "version": "1.0.0",
    "main": "./dist/index.d.ts",
    "license": "MIT",
    "description": "global state without context, supports immutablity",
    "keywords": [
      "react",
      "react-state",
      "react-global-state",
      "react-isomorphic-state"
    ],
    "author": "AhmedNassar147 <nassarahmed750@gmail.com>",
    "publishConfig": {
      "registry": "https://npm.pkg.github.com/"
    },
    "types": "./dist/types.d.ts",
    "files": [
      "./dist"
    ],
    "bugs": {
      "url": "https://github.com/AIMA-lab/react-isomorphic-state/issues"
    },
    "repository": {
      "type": "git",
      "url": "https://github.com/AIMA-lab/react-isomorphic-state"
    },
    "scripts": {
      "build": "tsc -p ."
    },
    "dependencies": {
      "immutable": "^4.0.0-rc.12"
    },
    "devDependencies": {
      "@types/react": "^16.9.36",
      "typescript": "^3.9.5"
    },
    "peerDependencies": {
      "react": ">= 16.8.0"
    },
    "colaborators": [
      "SuperKareem",
      "AhmedNassar147"
    ]
  }

yarn manifest: 
  No manifest

Lockfile: 
  # THIS IS AN AUTOGENERATED FILE. DO NOT EDIT THIS FILE DIRECTLY.
  # yarn lockfile v1
  
  
  "@types/prop-types@*":
    version "15.7.3"
    resolved "https://registry.yarnpkg.com/@types/prop-types/-/prop-types-15.7.3.tgz#2ab0d5da2e5815f94b0b9d4b95d1e5f243ab2ca7"
    integrity sha512-KfRL3PuHmqQLOG+2tGpRO26Ctg+Cq1E01D2DMriKEATHgWLfeNDmq9e29Q9WIky0dQ3NPkd1mzYH8Lm936Z9qw==
  
  "@types/react@^16.9.36":
    version "16.9.36"
    resolved "https://registry.yarnpkg.com/@types/react/-/react-16.9.36.tgz#ade589ff51e2a903e34ee4669e05dbfa0c1ce849"
    integrity sha512-mGgUb/Rk/vGx4NCvquRuSH0GHBQKb1OqpGS9cT9lFxlTLHZgkksgI60TuIxubmn7JuCb+sENHhQciqa0npm0AQ==
    dependencies:
      "@types/prop-types" "*"
      csstype "^2.2.0"
  
  csstype@^2.2.0:
    version "2.6.10"
    resolved "https://registry.yarnpkg.com/csstype/-/csstype-2.6.10.tgz#e63af50e66d7c266edb6b32909cfd0aabe03928b"
    integrity sha512-D34BqZU4cIlMCY93rZHbrq9pjTAQJ3U8S8rfBqjwHxkGPThWFjzZDQpgMJY0QViLxth6ZKYiwFBo14RdN44U/w==
  
  immutable@^4.0.0-rc.12:
    version "4.0.0-rc.12"
    resolved "https://registry.yarnpkg.com/immutable/-/immutable-4.0.0-rc.12.tgz#ca59a7e4c19ae8d9bf74a97bdf0f6e2f2a5d0217"
    integrity sha512-0M2XxkZLx/mi3t8NVwIm1g8nHoEmM9p9UBl/G9k4+hm0kBgOVdMV/B3CY5dQ8qG8qc80NN4gDV4HQv6FTJ5q7A==
  
  typescript@^3.9.5:
    version "3.9.5"
    resolved "https://registry.yarnpkg.com/typescript/-/typescript-3.9.5.tgz#586f0dba300cde8be52dd1ac4f7e1009c1b13f36"
    integrity sha512-hSAifV3k+i6lEoCJ2k6R2Z/rp/H3+8sdmcn5NrS3/3kE7+RyZXm9aqvxWqjEXHAd8b0pShatpcdMTvEdvAJltQ==
